[debug] [2021-06-20T20:37:25.374Z] ----------------------------------------------------------------------
[debug] [2021-06-20T20:37:25.375Z] Command:       /usr/local/bin/node /usr/local/bin/firebase deploy
[debug] [2021-06-20T20:37:25.376Z] CLI Version:   9.13.1
[debug] [2021-06-20T20:37:25.376Z] Platform:      darwin
[debug] [2021-06-20T20:37:25.376Z] Node Version:  v14.17.0
[debug] [2021-06-20T20:37:25.376Z] Time:          Sun Jun 20 2021 17:37:25 GMT-0300 (Horário Padrão de Brasília)
[debug] [2021-06-20T20:37:25.376Z] ----------------------------------------------------------------------
[debug] 
[debug] [2021-06-20T20:37:25.385Z] > command requires scopes: ["email","openid","https://www.googleapis.com/auth/cloudplatformprojects.readonly","https://www.googleapis.com/auth/firebase","https://www.googleapis.com/auth/cloud-platform"]
[debug] [2021-06-20T20:37:25.385Z] > authorizing via signed-in user (geandersonlemonte.gl@gmail.com)
[debug] [2021-06-20T20:37:25.385Z] [iam] checking project meus-projetos-9cf50 for permissions ["firebase.projects.get","firebasehosting.sites.update"]
[debug] [2021-06-20T20:37:25.387Z] >>> HTTP REQUEST POST https://cloudresourcemanager.googleapis.com/v1/projects/meus-projetos-9cf50:testIamPermissions  
 {"permissions":["firebase.projects.get","firebasehosting.sites.update"]}
[debug] [2021-06-20T20:37:26.950Z] <<< HTTP RESPONSE 200 {"content-type":"application/json; charset=UTF-8","vary":"X-Origin, Referer, Origin,Accept-Encoding","date":"Sun, 20 Jun 2021 20:37:27 GMT","server":"ESF","cache-control":"private","x-xss-protection":"0","x-frame-options":"SAMEORIGIN","x-content-type-options":"nosniff","server-timing":"gfet4t7; dur=745","alt-svc":"h3=\":443\"; ma=2592000,h3-29=\":443\"; ma=2592000,h3-T051=\":443\"; ma=2592000,h3-Q050=\":443\"; ma=2592000,h3-Q046=\":443\"; ma=2592000,h3-Q043=\":443\"; ma=2592000,quic=\":443\"; ma=2592000; v=\"46,43\"","accept-ranges":"none","transfer-encoding":"chunked"}
[debug] [2021-06-20T20:37:26.955Z] > refreshing access token with scopes: []
[debug] [2021-06-20T20:37:26.955Z] >>> HTTP REQUEST POST https://www.googleapis.com/oauth2/v3/token  
 <request body omitted>
[debug] [2021-06-20T20:37:27.258Z] <<< HTTP RESPONSE 200 {"cache-control":"no-cache, no-store, max-age=0, must-revalidate","expires":"Mon, 01 Jan 1990 00:00:00 GMT","date":"Sun, 20 Jun 2021 20:37:27 GMT","pragma":"no-cache","content-type":"application/json; charset=utf-8","vary":"X-Origin, Referer, Origin,Accept-Encoding","server":"scaffolding on HTTPServer2","x-xss-protection":"0","x-frame-options":"SAMEORIGIN","x-content-type-options":"nosniff","alt-svc":"h3=\":443\"; ma=2592000,h3-29=\":443\"; ma=2592000,h3-T051=\":443\"; ma=2592000,h3-Q050=\":443\"; ma=2592000,h3-Q046=\":443\"; ma=2592000,h3-Q043=\":443\"; ma=2592000,quic=\":443\"; ma=2592000; v=\"46,43\"","accept-ranges":"none","transfer-encoding":"chunked"}
[debug] [2021-06-20T20:37:27.335Z] >>> [apiv2][query] GET https://firebase.googleapis.com/v1beta1/projects/meus-projetos-9cf50 [none]
[debug] [2021-06-20T20:37:28.648Z] <<< [apiv2][status] GET https://firebase.googleapis.com/v1beta1/projects/meus-projetos-9cf50 200
[debug] [2021-06-20T20:37:28.648Z] <<< [apiv2][body] GET https://firebase.googleapis.com/v1beta1/projects/meus-projetos-9cf50 {"projectId":"meus-projetos-9cf50","projectNumber":"339432777451","displayName":"Meus Projetos","name":"projects/meus-projetos-9cf50","resources":{"hostingSite":"meus-projetos-9cf50"},"state":"ACTIVE"}
[info] 
[info] === Deploying to 'meus-projetos-9cf50'...
[info] 
[info] i  deploying hosting 
[debug] [2021-06-20T20:37:28.653Z] > refreshing access token with scopes: ["email","https://www.googleapis.com/auth/cloud-platform","https://www.googleapis.com/auth/cloudplatformprojects.readonly","https://www.googleapis.com/auth/firebase","openid"]
[debug] [2021-06-20T20:37:28.654Z] >>> HTTP REQUEST POST https://www.googleapis.com/oauth2/v3/token  
 <request body omitted>
[debug] [2021-06-20T20:37:29.167Z] <<< HTTP RESPONSE 200 {"date":"Sun, 20 Jun 2021 20:37:29 GMT","expires":"Mon, 01 Jan 1990 00:00:00 GMT","pragma":"no-cache","cache-control":"no-cache, no-store, max-age=0, must-revalidate","content-type":"application/json; charset=utf-8","vary":"X-Origin, Referer, Origin,Accept-Encoding","server":"scaffolding on HTTPServer2","x-xss-protection":"0","x-frame-options":"SAMEORIGIN","x-content-type-options":"nosniff","alt-svc":"h3=\":443\"; ma=2592000,h3-29=\":443\"; ma=2592000,h3-T051=\":443\"; ma=2592000,h3-Q050=\":443\"; ma=2592000,h3-Q046=\":443\"; ma=2592000,h3-Q043=\":443\"; ma=2592000,quic=\":443\"; ma=2592000; v=\"46,43\"","accept-ranges":"none","transfer-encoding":"chunked"}
[debug] [2021-06-20T20:37:29.215Z] >>> HTTP REQUEST POST https://firebasehosting.googleapis.com/v1beta1/sites/buscador-imagens/versions  
 {"config":{},"labels":{"deployment-tool":"cli-firebase"}}
[debug] [2021-06-20T20:37:30.908Z] <<< HTTP RESPONSE 200 {"content-type":"application/json; charset=UTF-8","vary":"X-Origin, Referer, Origin,Accept-Encoding","date":"Sun, 20 Jun 2021 20:37:31 GMT","server":"ESF","cache-control":"private","x-xss-protection":"0","x-frame-options":"SAMEORIGIN","x-content-type-options":"nosniff","alt-svc":"h3=\":443\"; ma=2592000,h3-29=\":443\"; ma=2592000,h3-T051=\":443\"; ma=2592000,h3-Q050=\":443\"; ma=2592000,h3-Q046=\":443\"; ma=2592000,h3-Q043=\":443\"; ma=2592000,quic=\":443\"; ma=2592000; v=\"46,43\"","accept-ranges":"none","transfer-encoding":"chunked"}
[info] i  hosting[buscador-imagens]: beginning deploy... 
[info] i  hosting[buscador-imagens]: found 21 files in build 
[debug] [2021-06-20T20:37:31.029Z] > refreshing access token with scopes: []
[debug] [2021-06-20T20:37:31.029Z] >>> HTTP REQUEST POST https://www.googleapis.com/oauth2/v3/token  
 <request body omitted>
[debug] [2021-06-20T20:37:31.030Z] [hosting] hash cache [YnVpbGQ] stored for 21 files
[debug] [2021-06-20T20:37:31.030Z] [hosting][hash queue][FINAL] {"max":93,"min":10,"avg":17.19047619047619,"active":0,"complete":21,"success":21,"errored":0,"retried":0,"total":21,"elapsed":99}
[debug] [2021-06-20T20:37:32.619Z] <<< HTTP RESPONSE 200 {"expires":"Mon, 01 Jan 1990 00:00:00 GMT","date":"Sun, 20 Jun 2021 20:37:32 GMT","pragma":"no-cache","cache-control":"no-cache, no-store, max-age=0, must-revalidate","content-type":"application/json; charset=utf-8","vary":"X-Origin, Referer, Origin,Accept-Encoding","server":"scaffolding on HTTPServer2","x-xss-protection":"0","x-frame-options":"SAMEORIGIN","x-content-type-options":"nosniff","alt-svc":"h3=\":443\"; ma=2592000,h3-29=\":443\"; ma=2592000,h3-T051=\":443\"; ma=2592000,h3-Q050=\":443\"; ma=2592000,h3-Q046=\":443\"; ma=2592000,h3-Q043=\":443\"; ma=2592000,quic=\":443\"; ma=2592000; v=\"46,43\"","accept-ranges":"none","transfer-encoding":"chunked"}
[debug] [2021-06-20T20:37:32.665Z] >>> [apiv2][query] POST https://firebasehosting.googleapis.com/v1beta1/sites/buscador-imagens/versions/7387b38e0e9c0e5b:populateFiles [none]
[debug] [2021-06-20T20:37:32.666Z] >>> [apiv2][body] POST https://firebasehosting.googleapis.com/v1beta1/sites/buscador-imagens/versions/7387b38e0e9c0e5b:populateFiles {"files":{"/asset-manifest.json":"2b19402e10c2dc2ce86ccddecff2ebe828d939511ad9d8acc1884d61d5454f8f","/favicon.ico":"b72f7455f00e4e58792d2bca892abb068e2213838c0316d6b7a0d6d16acd1955","/env.js":"b55cb53f639e745da13a1341110bc994386ec43cd2c4cc696de199aa247272a6","/logo192.png":"caff018b7f1e8fd481eb1c50d75b0ef236bcd5078b1d15c8bb348453fee30293","/robots.txt":"391d14b3c2f8c9143a27a28c7399585142228d4d1bdbe2c87ac946de411fa9a2","/index.html":"a21af1c6046591ba0a510e1e1da4d34b54f8af0375f58b49b73152622ac7339a","/static/css/main.a585d1c2.chunk.css":"4a4f61734009786daf1895f97205755a52da9013d9239e232baf9ec60d0c446c","/static/js/2.74248781.chunk.js.LICENSE.txt":"94813fe8c35bf04b1133b18dfd44486af3631d67f639bfee975d00c2ce034dd1","/logo512.png":"191fc21360b4ccfb1cda11a1efb97f489ed22672ca83f4064316802bbfdd750e","/static/css/main.a585d1c2.chunk.css.map":"776955afe26a48b7599d7f12c7afc074b89bfc3f9120c18add4df9744cc603b7","/static/js/3.abd81187.chunk.js":"cc7a4fad4141802c1c583b411a7a621a94d031ce769a3f2b94b1097148472aa5","/static/js/3.abd81187.chunk.js.map":"7d985b63405e96a61d715651d3ac992b5ca622d5d5ee23898147b1b368ba42ec","/static/js/main.947ac010.chunk.js":"94d20bfa697a03c841d70261f276f58b75418625f7b12bdab81337c8988be3f7","/manifest.json":"341d52628782f8ac9290bbfc43298afccb47b7cbfcee146ae30cf0f46bc30900","/static/js/main.947ac010.chunk.js.map":"5682202b9bd54dc6043d655984e27e552be9571642859b8d0e4422e02cef3740","/static/js/runtime-main.6c63111f.js":"05f14ec837a53023cd3dcbe55751b97356632b02af5bb61b935882b5aebffbf6","/static/js/runtime-main.6c63111f.js.map":"a54d190b0a057b4eb0bf79b559678139cd14011fe4cc7ae5367547d6eeea5e11","/static/css/2.61b4cb56.chunk.css":"8eea7a23cc126055d7515599f6c6b7c316953269819b233efe35c6463e0890b9","/static/js/2.74248781.chunk.js":"3af5e0c5ae85ea18accf6c87117afa7bb47f9886f6836c5536591caa86e980be","/static/css/2.61b4cb56.chunk.css.map":"0ef9ae9d3f4d0586107b4b54ce94cbd1ee058877e2d539c20cd63401beb6ea60","/static/js/2.74248781.chunk.js.map":"a754729c334ffb9b73139ee69cbbae183781c20109c0ab82c6ac8753cbc9f602"}}
[debug] [2021-06-20T20:37:34.113Z] <<< [apiv2][status] POST https://firebasehosting.googleapis.com/v1beta1/sites/buscador-imagens/versions/7387b38e0e9c0e5b:populateFiles 200
[debug] [2021-06-20T20:37:34.114Z] <<< [apiv2][body] POST https://firebasehosting.googleapis.com/v1beta1/sites/buscador-imagens/versions/7387b38e0e9c0e5b:populateFiles {"uploadRequiredHashes":["b55cb53f639e745da13a1341110bc994386ec43cd2c4cc696de199aa247272a6","a21af1c6046591ba0a510e1e1da4d34b54f8af0375f58b49b73152622ac7339a","94d20bfa697a03c841d70261f276f58b75418625f7b12bdab81337c8988be3f7","5682202b9bd54dc6043d655984e27e552be9571642859b8d0e4422e02cef3740","2b19402e10c2dc2ce86ccddecff2ebe828d939511ad9d8acc1884d61d5454f8f"],"uploadUrl":"https://upload-firebasehosting.googleapis.com/upload/sites/buscador-imagens/versions/7387b38e0e9c0e5b/files"}
[debug] [2021-06-20T20:37:34.119Z] >>> [apiv2][query] POST https://upload-firebasehosting.googleapis.com/upload/sites/buscador-imagens/versions/7387b38e0e9c0e5b/files/b55cb53f639e745da13a1341110bc994386ec43cd2c4cc696de199aa247272a6 [none]
[debug] [2021-06-20T20:37:34.119Z] >>> [apiv2][body] POST https://upload-firebasehosting.googleapis.com/upload/sites/buscador-imagens/versions/7387b38e0e9c0e5b/files/b55cb53f639e745da13a1341110bc994386ec43cd2c4cc696de199aa247272a6 [stream]
[debug] [2021-06-20T20:37:34.125Z] >>> [apiv2][query] POST https://upload-firebasehosting.googleapis.com/upload/sites/buscador-imagens/versions/7387b38e0e9c0e5b/files/a21af1c6046591ba0a510e1e1da4d34b54f8af0375f58b49b73152622ac7339a [none]
[debug] [2021-06-20T20:37:34.125Z] >>> [apiv2][body] POST https://upload-firebasehosting.googleapis.com/upload/sites/buscador-imagens/versions/7387b38e0e9c0e5b/files/a21af1c6046591ba0a510e1e1da4d34b54f8af0375f58b49b73152622ac7339a [stream]
[debug] [2021-06-20T20:37:34.127Z] >>> [apiv2][query] POST https://upload-firebasehosting.googleapis.com/upload/sites/buscador-imagens/versions/7387b38e0e9c0e5b/files/94d20bfa697a03c841d70261f276f58b75418625f7b12bdab81337c8988be3f7 [none]
[debug] [2021-06-20T20:37:34.127Z] >>> [apiv2][body] POST https://upload-firebasehosting.googleapis.com/upload/sites/buscador-imagens/versions/7387b38e0e9c0e5b/files/94d20bfa697a03c841d70261f276f58b75418625f7b12bdab81337c8988be3f7 [stream]
[debug] [2021-06-20T20:37:34.128Z] >>> [apiv2][query] POST https://upload-firebasehosting.googleapis.com/upload/sites/buscador-imagens/versions/7387b38e0e9c0e5b/files/5682202b9bd54dc6043d655984e27e552be9571642859b8d0e4422e02cef3740 [none]
[debug] [2021-06-20T20:37:34.129Z] >>> [apiv2][body] POST https://upload-firebasehosting.googleapis.com/upload/sites/buscador-imagens/versions/7387b38e0e9c0e5b/files/5682202b9bd54dc6043d655984e27e552be9571642859b8d0e4422e02cef3740 [stream]
[debug] [2021-06-20T20:37:34.129Z] >>> [apiv2][query] POST https://upload-firebasehosting.googleapis.com/upload/sites/buscador-imagens/versions/7387b38e0e9c0e5b/files/2b19402e10c2dc2ce86ccddecff2ebe828d939511ad9d8acc1884d61d5454f8f [none]
[debug] [2021-06-20T20:37:34.130Z] >>> [apiv2][body] POST https://upload-firebasehosting.googleapis.com/upload/sites/buscador-imagens/versions/7387b38e0e9c0e5b/files/2b19402e10c2dc2ce86ccddecff2ebe828d939511ad9d8acc1884d61d5454f8f [stream]
[debug] [2021-06-20T20:37:34.130Z] [hosting][populate queue][FINAL] {"max":3090,"min":3090,"avg":3090,"active":0,"complete":1,"success":1,"errored":0,"retried":0,"total":1,"elapsed":3101}
[debug] [2021-06-20T20:37:34.131Z] [hosting] uploads queued: 5
